Traceback (most recent call last):
  File "<frozen runpy>", line 198, in _run_module_as_main
  File "<frozen runpy>", line 88, in _run_code
  File "C:\Users\snigd\AppData\Local\Programs\Python\Python311\Lib\site-packages\uvicorn\__main__.py", line 4, in <module>
    uvicorn.main()
  File "C:\Users\snigd\AppData\Local\Programs\Python\Python311\Lib\site-packages\click\core.py", line 1462, in __call__
    return self.main(*args, **kwargs)
           ^^^^^^^^^^^^^^^^^^^^^^^^^^
  File "C:\Users\snigd\AppData\Local\Programs\Python\Python311\Lib\site-packages\click\core.py", line 1383, in main
    rv = self.invoke(ctx)
         ^^^^^^^^^^^^^^^^
  File "C:\Users\snigd\AppData\Local\Programs\Python\Python311\Lib\site-packages\click\core.py", line 1246, in invoke
    return ctx.invoke(self.callback, **ctx.params)
           ^^^^^^^^^^^^^^^^^^^^^^^^^^^^^^^^^^^^^^^
  File "C:\Users\snigd\AppData\Local\Programs\Python\Python311\Lib\site-packages\click\core.py", line 814, in invoke
    return callback(*args, **kwargs)
           ^^^^^^^^^^^^^^^^^^^^^^^^^
  File "C:\Users\snigd\AppData\Local\Programs\Python\Python311\Lib\site-packages\uvicorn\main.py", line 416, in main
    run(
  File "C:\Users\snigd\AppData\Local\Programs\Python\Python311\Lib\site-packages\uvicorn\main.py", line 587, in run
    server.run()
  File "C:\Users\snigd\AppData\Local\Programs\Python\Python311\Lib\site-packages\uvicorn\server.py", line 61, in run
    return asyncio.run(self.serve(sockets=sockets))
           ^^^^^^^^^^^^^^^^^^^^^^^^^^^^^^^^^^^^^^^^
  File "C:\Users\snigd\AppData\Local\Programs\Python\Python311\Lib\asyncio\runners.py", line 188, in run
    return runner.run(main)
           ^^^^^^^^^^^^^^^^
  File "C:\Users\snigd\AppData\Local\Programs\Python\Python311\Lib\asyncio\runners.py", line 120, in run
    return self._loop.run_until_complete(task)
           ^^^^^^^^^^^^^^^^^^^^^^^^^^^^^^^^^^^
  File "C:\Users\snigd\AppData\Local\Programs\Python\Python311\Lib\asyncio\base_events.py", line 650, in run_until_complete
    return future.result()
           ^^^^^^^^^^^^^^^
  File "C:\Users\snigd\AppData\Local\Programs\Python\Python311\Lib\site-packages\uvicorn\server.py", line 68, in serve
    config.load()
  File "C:\Users\snigd\AppData\Local\Programs\Python\Python311\Lib\site-packages\uvicorn\config.py", line 467, in load
    self.loaded_app = import_from_string(self.app)
                      ^^^^^^^^^^^^^^^^^^^^^^^^^^^^
  File "C:\Users\snigd\AppData\Local\Programs\Python\Python311\Lib\site-packages\uvicorn\importer.py", line 21, in import_from_string
    module = importlib.import_module(module_str)
             ^^^^^^^^^^^^^^^^^^^^^^^^^^^^^^^^^^^
  File "C:\Users\snigd\AppData\Local\Programs\Python\Python311\Lib\importlib\__init__.py", line 126, in import_module
    return _bootstrap._gcd_import(name[level:], package, level)
           ^^^^^^^^^^^^^^^^^^^^^^^^^^^^^^^^^^^^^^^^^^^^^^^^^^^^
  File "<frozen importlib._bootstrap>", line 1206, in _gcd_import
  File "<frozen importlib._bootstrap>", line 1178, in _find_and_load
  File "<frozen importlib._bootstrap>", line 1149, in _find_and_load_unlocked
  File "<frozen importlib._bootstrap>", line 690, in _load_unlocked
  File "<frozen importlib._bootstrap_external>", line 940, in exec_module
  File "<frozen importlib._bootstrap>", line 241, in _call_with_frames_removed
  File "c:\Users\snigd\OneDrive\Desktop\trendify-site (1)\trendify-site\trendify-site\backend\app\main.py", line 6, in <module>
    from app.api.routes import auth, users, payments, products, courses, admin, realtime, wallets
  File "c:\Users\snigd\OneDrive\Desktop\trendify-site (1)\trendify-site\trendify-site\backend\app\api\routes\auth.py", line 8, in <module>
    from app.models.models import User
  File "c:\Users\snigd\OneDrive\Desktop\trendify-site (1)\trendify-site\trendify-site\backend\app\models\models.py", line 117, in <module>
    class Payment(Base):
  File "C:\Users\snigd\AppData\Local\Programs\Python\Python311\Lib\site-packages\sqlalchemy\orm\decl_api.py", line 195, in __init__
    _as_declarative(reg, cls, dict_)
  File "C:\Users\snigd\AppData\Local\Programs\Python\Python311\Lib\site-packages\sqlalchemy\orm\decl_base.py", line 247, in _as_declarative
    return _MapperConfig.setup_mapping(registry, cls, dict_, None, {})
           ^^^^^^^^^^^^^^^^^^^^^^^^^^^^^^^^^^^^^^^^^^^^^^^^^^^^^^^^^^^
  File "C:\Users\snigd\AppData\Local\Programs\Python\Python311\Lib\site-packages\sqlalchemy\orm\decl_base.py", line 328, in setup_mapping
    return _ClassScanMapperConfig(
           ^^^^^^^^^^^^^^^^^^^^^^^
  File "C:\Users\snigd\AppData\Local\Programs\Python\Python311\Lib\site-packages\sqlalchemy\orm\decl_base.py", line 574, in __init__
    self._extract_mappable_attributes()
  File "C:\Users\snigd\AppData\Local\Programs\Python\Python311\Lib\site-packages\sqlalchemy\orm\decl_base.py", line 1507, in _extract_mappable_attributes
    raise exc.InvalidRequestError(
sqlalchemy.exc.InvalidRequestError: Attribute name 'metadata' is reserved when using the Declarative API.
